0 verbose cli /Users/admin/.nvm/versions/node/v18.20.8/bin/node /Users/admin/.nvm/versions/node/v18.20.8/bin/npm
1 info using npm@10.8.2
2 info using node@v18.20.8
3 silly config load:file:/Users/admin/.nvm/versions/node/v18.20.8/lib/node_modules/npm/npmrc
4 silly config load:file:/Users/admin/Documents/node-apps/mx/doexcess/waitlist-landing/.npmrc
5 silly config load:file:/Users/admin/.npmrc
6 silly config load:file:/Users/admin/.nvm/versions/node/v18.20.8/etc/npmrc
7 verbose title npm run lint
8 verbose argv "run" "lint" "--cache" "--fix"
9 verbose logfile logs-max:10 dir:/Users/admin/Documents/node-apps/mx/doexcess/waitlist-landing/--fix/_logs/2025-05-04T00_20_04_497Z-
10 verbose logfile /Users/admin/Documents/node-apps/mx/doexcess/waitlist-landing/--fix/_logs/2025-05-04T00_20_04_497Z-debug-0.log
11 silly logfile done cleaning log files
12 http fetch GET 200 https://registry.npmjs.org/npm 543ms
13 verbose cwd /Users/admin/Documents/node-apps/mx/doexcess/waitlist-landing
14 verbose os Darwin 21.6.0
15 verbose node v18.20.8
16 verbose npm  v10.8.2
17 notice
17 notice New [31mmajor[39m version of npm available! [31m10.8.2[39m -> [34m11.3.0[39m
17 notice Changelog: [34mhttps://github.com/npm/cli/releases/tag/v11.3.0[39m
17 notice To update run: [4mnpm install -g npm@11.3.0[24m
17 notice  { force: true, [Symbol(proc-log.meta)]: true }
18 verbose exit 1
19 verbose code 1
